Determining if the pthread_create exist failed with the following output:
Change Dir: /home/fotis/Dev/Workspaces/ROS/bluebox_path_planning/build/CMakeFiles/CMakeTmp

Run Build Command:/usr/bin/make "cmTryCompileExec1442912766/fast"
/usr/bin/make -f CMakeFiles/cmTryCompileExec1442912766.dir/build.make CMakeFiles/cmTryCompileExec1442912766.dir/build
make[1]: Entering directory `/home/fotis/Dev/Workspaces/ROS/bluebox_path_planning/build/CMakeFiles/CMakeTmp'
/usr/bin/cmake -E cmake_progress_report /home/fotis/Dev/Workspaces/ROS/bluebox_path_planning/build/CMakeFiles/CMakeTmp/CMakeFiles 1
Building C object CMakeFiles/cmTryCompileExec1442912766.dir/CheckSymbolExists.c.o
/usr/lib/ccache/cc    -o CMakeFiles/cmTryCompileExec1442912766.dir/CheckSymbolExists.c.o   -c /home/fotis/Dev/Workspaces/ROS/bluebox_path_planning/build/CMakeFiles/CMakeTmp/CheckSymbolExists.c
Linking C executable cmTryCompileExec1442912766
/usr/bin/cmake -E cmake_link_script CMakeFiles/cmTryCompileExec1442912766.dir/link.txt --verbose=1
/usr/lib/ccache/cc       CMakeFiles/cmTryCompileExec1442912766.dir/CheckSymbolExists.c.o  -o cmTryCompileExec1442912766 -rdynamic 
CMakeFiles/cmTryCompileExec1442912766.dir/CheckSymbolExists.c.o: In function `main':
CheckSymbolExists.c:(.text+0x16): undefined reference to `pthread_create'
collect2: error: ld returned 1 exit status
make[1]: *** [cmTryCompileExec1442912766] Error 1
make[1]: Leaving directory `/home/fotis/Dev/Workspaces/ROS/bluebox_path_planning/build/CMakeFiles/CMakeTmp'
make: *** [cmTryCompileExec1442912766/fast] Error 2

File /home/fotis/Dev/Workspaces/ROS/bluebox_path_planning/build/CMakeFiles/CMakeTmp/CheckSymbolExists.c:
/* */
#include <pthread.h>

int main(int argc, char** argv)
{
  (void)argv;
#ifndef pthread_create
  return ((int*)(&pthread_create))[argc];
#else
  (void)argc;
  return 0;
#endif
}

Determining if the function pthread_create exists in the pthreads failed with the following output:
Change Dir: /home/fotis/Dev/Workspaces/ROS/bluebox_path_planning/build/CMakeFiles/CMakeTmp

Run Build Command:/usr/bin/make "cmTryCompileExec2855248552/fast"
/usr/bin/make -f CMakeFiles/cmTryCompileExec2855248552.dir/build.make CMakeFiles/cmTryCompileExec2855248552.dir/build
make[1]: Entering directory `/home/fotis/Dev/Workspaces/ROS/bluebox_path_planning/build/CMakeFiles/CMakeTmp'
/usr/bin/cmake -E cmake_progress_report /home/fotis/Dev/Workspaces/ROS/bluebox_path_planning/build/CMakeFiles/CMakeTmp/CMakeFiles 1
Building C object CMakeFiles/cmTryCompileExec2855248552.dir/CheckFunctionExists.c.o
/usr/lib/ccache/cc   -DCHECK_FUNCTION_EXISTS=pthread_create   -o CMakeFiles/cmTryCompileExec2855248552.dir/CheckFunctionExists.c.o   -c /usr/share/cmake-2.8/Modules/CheckFunctionExists.c
Linking C executable cmTryCompileExec2855248552
/usr/bin/cmake -E cmake_link_script CMakeFiles/cmTryCompileExec2855248552.dir/link.txt --verbose=1
/usr/lib/ccache/cc   -DCHECK_FUNCTION_EXISTS=pthread_create    CMakeFiles/cmTryCompileExec2855248552.dir/CheckFunctionExists.c.o  -o cmTryCompileExec2855248552 -rdynamic -lpthreads 
/usr/bin/ld: cannot find -lpthreads
collect2: error: ld returned 1 exit status
make[1]: *** [cmTryCompileExec2855248552] Error 1
make[1]: Leaving directory `/home/fotis/Dev/Workspaces/ROS/bluebox_path_planning/build/CMakeFiles/CMakeTmp'
make: *** [cmTryCompileExec2855248552/fast] Error 2


